d:\6.c++\12306\12306\ui_mainwindow.h
d:\6.c++\12306\12306\ui_information.h
d:\6.c++\12306\12306\ui_login.h
d:\6.c++\12306\12306\ui_order.h
d:\6.c++\12306\12306\ui_register.h
d:\6.c++\12306\12306\ui_station.h
d:\6.c++\12306\12306\ui_ticket.h
d:\6.c++\12306\12306\ui_train.h
d:\6.c++\12306\12306\tmp\moc_information.cpp
d:\6.c++\12306\12306\tmp\moc_login.cpp
d:\6.c++\12306\12306\tmp\moc_main_window.cpp
d:\6.c++\12306\12306\tmp\moc_order.cpp
d:\6.c++\12306\12306\tmp\moc_register.cpp
d:\6.c++\12306\12306\tmp\moc_station.cpp
d:\6.c++\12306\12306\tmp\moc_ticket.cpp
d:\6.c++\12306\12306\tmp\moc_train.cpp
d:\6.c++\12306\12306\tmp\moc_train_socket.cpp
d:\6.c++\12306\12306\tmp\station.obj
d:\6.c++\12306\12306\tmp\login.obj
d:\6.c++\12306\12306\tmp\ticket.obj
d:\6.c++\12306\12306\tmp\train_socket.obj
d:\6.c++\12306\12306\tmp\main.obj
d:\6.c++\12306\12306\tmp\order.obj
d:\6.c++\12306\12306\tmp\train.obj
d:\6.c++\12306\12306\tmp\main_window.obj
d:\6.c++\12306\12306\tmp\information.obj
d:\6.c++\12306\12306\tmp\register.obj
d:\6.c++\12306\12306\tmp\vc142.pdb
d:\6.c++\12306\12306\tmp\moc_register.obj
d:\6.c++\12306\12306\tmp\moc_train_socket.obj
d:\6.c++\12306\12306\tmp\moc_ticket.obj
d:\6.c++\12306\12306\tmp\moc_login.obj
d:\6.c++\12306\12306\tmp\moc_order.obj
d:\6.c++\12306\12306\tmp\moc_information.obj
d:\6.c++\12306\12306\tmp\moc_train.obj
d:\6.c++\12306\12306\tmp\moc_main_window.obj
d:\6.c++\12306\12306\tmp\moc_station.obj
d:\6.c++\12306\12306\tmp\moc_predefs.h
d:\6.c++\12306\12306\debug\12306.exe
d:\6.c++\12306\12306\debug\12306.ilk
d:\6.c++\12306\12306\debug\12306.pdb
d:\6.c++\12306\12306\tmp\12306.tlog\12306.write.1u.tlog
d:\6.c++\12306\12306\tmp\12306.tlog\cl.command.1.tlog
d:\6.c++\12306\12306\tmp\12306.tlog\cl.read.1.tlog
d:\6.c++\12306\12306\tmp\12306.tlog\cl.write.1.tlog
d:\6.c++\12306\12306\tmp\12306.tlog\custombuild.command.1.tlog
d:\6.c++\12306\12306\tmp\12306.tlog\custombuild.read.1.tlog
d:\6.c++\12306\12306\tmp\12306.tlog\custombuild.write.1.tlog
d:\6.c++\12306\12306\tmp\12306.tlog\link.command.1.tlog
d:\6.c++\12306\12306\tmp\12306.tlog\link.read.1.tlog
d:\6.c++\12306\12306\tmp\12306.tlog\link.write.1.tlog
d:\6.c++\12306\12306\tmp\12306.tlog\moc.read.1u.tlog
d:\6.c++\12306\12306\tmp\12306.tlog\moc.write.1u.tlog
d:\6.c++\12306\12306\tmp\12306.tlog\uic.read.1u.tlog
d:\6.c++\12306\12306\tmp\12306.tlog\uic.write.1u.tlog
